{"/home/oscarc/express_jobly/routes/_testCommon.js": {"path":"/home/oscarc/express_jobly/routes/_testCommon.js","statementMap":{"0":{"start":{"line":3,"column":11},"end":{"line":3,"column":30}},"1":{"start":{"line":4,"column":13},"end":{"line":4,"column":38}},"2":{"start":{"line":5,"column":16},"end":{"line":5,"column":44}},"3":{"start":{"line":6,"column":12},"end":{"line":6,"column":36}},"4":{"start":{"line":7,"column":24},"end":{"line":7,"column":52}},"5":{"start":{"line":9,"column":19},"end":{"line":9,"column":21}},"6":{"start":{"line":13,"column":2},"end":{"line":13,"column":38}},"7":{"start":{"line":15,"column":2},"end":{"line":15,"column":42}},"8":{"start":{"line":17,"column":2},"end":{"line":24,"column":9}},"9":{"start":{"line":25,"column":2},"end":{"line":32,"column":9}},"10":{"start":{"line":33,"column":2},"end":{"line":40,"column":9}},"11":{"start":{"line":42,"column":2},"end":{"line":43,"column":74}},"12":{"start":{"line":44,"column":2},"end":{"line":45,"column":74}},"13":{"start":{"line":46,"column":2},"end":{"line":47,"column":77}},"14":{"start":{"line":49,"column":2},"end":{"line":56,"column":5}},"15":{"start":{"line":57,"column":2},"end":{"line":64,"column":5}},"16":{"start":{"line":65,"column":2},"end":{"line":72,"column":5}},"17":{"start":{"line":74,"column":2},"end":{"line":74,"column":45}},"18":{"start":{"line":78,"column":2},"end":{"line":78,"column":26}},"19":{"start":{"line":82,"column":2},"end":{"line":82,"column":29}},"20":{"start":{"line":86,"column":2},"end":{"line":86,"column":17}},"21":{"start":{"line":90,"column":16},"end":{"line":90,"column":63}},"22":{"start":{"line":91,"column":16},"end":{"line":91,"column":63}},"23":{"start":{"line":92,"column":19},"end":{"line":92,"column":68}},"24":{"start":{"line":95,"column":0},"end":{"line":104,"column":2}}},"fnMap":{"0":{"name":"commonBeforeAll","decl":{"start":{"line":11,"column":15},"end":{"line":11,"column":30}},"loc":{"start":{"line":11,"column":33},"end":{"line":75,"column":1}},"line":11},"1":{"name":"commonBeforeEach","decl":{"start":{"line":77,"column":15},"end":{"line":77,"column":31}},"loc":{"start":{"line":77,"column":34},"end":{"line":79,"column":1}},"line":77},"2":{"name":"commonAfterEach","decl":{"start":{"line":81,"column":15},"end":{"line":81,"column":30}},"loc":{"start":{"line":81,"column":33},"end":{"line":83,"column":1}},"line":81},"3":{"name":"commonAfterAll","decl":{"start":{"line":85,"column":15},"end":{"line":85,"column":29}},"loc":{"start":{"line":85,"column":32},"end":{"line":87,"column":1}},"line":85}},"branchMap":{},"s":{"0":4,"1":4,"2":4,"3":4,"4":4,"5":4,"6":4,"7":4,"8":4,"9":4,"10":4,"11":4,"12":4,"13":4,"14":4,"15":4,"16":4,"17":4,"18":67,"19":67,"20":4,"21":4,"22":4,"23":4,"24":4},"f":{"0":4,"1":67,"2":67,"3":4},"b":{},"_coverageSchema":"1a1c01bbd47fc00a2c39e90264f33305004495a9","hash":"7fa00e1cd2776e59ff5c94960e386f8d6b73327c"}
,"/home/oscarc/express_jobly/routes/auth.js": {"path":"/home/oscarc/express_jobly/routes/auth.js","statementMap":{"0":{"start":{"line":5,"column":19},"end":{"line":5,"column":40}},"1":{"start":{"line":7,"column":13},"end":{"line":7,"column":38}},"2":{"start":{"line":8,"column":16},"end":{"line":8,"column":34}},"3":{"start":{"line":9,"column":15},"end":{"line":9,"column":35}},"4":{"start":{"line":10,"column":24},"end":{"line":10,"column":52}},"5":{"start":{"line":11,"column":23},"end":{"line":11,"column":58}},"6":{"start":{"line":12,"column":27},"end":{"line":12,"column":66}},"7":{"start":{"line":13,"column":28},"end":{"line":13,"column":54}},"8":{"start":{"line":22,"column":0},"end":{"line":37,"column":3}},"9":{"start":{"line":23,"column":2},"end":{"line":36,"column":3}},"10":{"start":{"line":24,"column":22},"end":{"line":24,"column":67}},"11":{"start":{"line":25,"column":4},"end":{"line":28,"column":5}},"12":{"start":{"line":26,"column":19},"end":{"line":26,"column":53}},"13":{"start":{"line":26,"column":45},"end":{"line":26,"column":52}},"14":{"start":{"line":27,"column":6},"end":{"line":27,"column":38}},"15":{"start":{"line":30,"column":35},"end":{"line":30,"column":43}},"16":{"start":{"line":31,"column":17},"end":{"line":31,"column":60}},"17":{"start":{"line":32,"column":18},"end":{"line":32,"column":35}},"18":{"start":{"line":33,"column":4},"end":{"line":33,"column":31}},"19":{"start":{"line":35,"column":4},"end":{"line":35,"column":21}},"20":{"start":{"line":49,"column":0},"end":{"line":63,"column":3}},"21":{"start":{"line":50,"column":2},"end":{"line":62,"column":3}},"22":{"start":{"line":51,"column":22},"end":{"line":51,"column":71}},"23":{"start":{"line":52,"column":4},"end":{"line":55,"column":5}},"24":{"start":{"line":53,"column":19},"end":{"line":53,"column":53}},"25":{"start":{"line":53,"column":45},"end":{"line":53,"column":52}},"26":{"start":{"line":54,"column":6},"end":{"line":54,"column":38}},"27":{"start":{"line":57,"column":20},"end":{"line":57,"column":72}},"28":{"start":{"line":58,"column":18},"end":{"line":58,"column":38}},"29":{"start":{"line":59,"column":4},"end":{"line":59,"column":43}},"30":{"start":{"line":61,"column":4},"end":{"line":61,"column":21}},"31":{"start":{"line":66,"column":0},"end":{"line":66,"column":24}}},"fnMap":{"0":{"name":"(anonymous_0)","decl":{"start":{"line":22,"column":22},"end":{"line":22,"column":23}},"loc":{"start":{"line":22,"column":54},"end":{"line":37,"column":1}},"line":22},"1":{"name":"(anonymous_1)","decl":{"start":{"line":26,"column":40},"end":{"line":26,"column":41}},"loc":{"start":{"line":26,"column":45},"end":{"line":26,"column":52}},"line":26},"2":{"name":"(anonymous_2)","decl":{"start":{"line":49,"column":25},"end":{"line":49,"column":26}},"loc":{"start":{"line":49,"column":57},"end":{"line":63,"column":1}},"line":49},"3":{"name":"(anonymous_3)","decl":{"start":{"line":53,"column":40},"end":{"line":53,"column":41}},"loc":{"start":{"line":53,"column":45},"end":{"line":53,"column":52}},"line":53}},"branchMap":{"0":{"loc":{"start":{"line":25,"column":4},"end":{"line":28,"column":5}},"type":"if","locations":[{"start":{"line":25,"column":4},"end":{"line":28,"column":5}},{"start":{},"end":{}}],"line":25},"1":{"loc":{"start":{"line":52,"column":4},"end":{"line":55,"column":5}},"type":"if","locations":[{"start":{"line":52,"column":4},"end":{"line":55,"column":5}},{"start":{},"end":{}}],"line":52}},"s":{"0":5,"1":5,"2":5,"3":5,"4":5,"5":5,"6":5,"7":5,"8":5,"9":5,"10":5,"11":5,"12":2,"13":2,"14":2,"15":3,"16":3,"17":1,"18":1,"19":4,"20":5,"21":3,"22":3,"23":3,"24":2,"25":5,"26":2,"27":1,"28":1,"29":1,"30":2,"31":5},"f":{"0":5,"1":2,"2":3,"3":5},"b":{"0":[2,3],"1":[2,1]},"_coverageSchema":"1a1c01bbd47fc00a2c39e90264f33305004495a9","hash":"a52a2d82c9fffd6b5242e2978fe2dc01806b3ae1"}
,"/home/oscarc/express_jobly/routes/companies.js": {"path":"/home/oscarc/express_jobly/routes/companies.js","statementMap":{"0":{"start":{"line":5,"column":19},"end":{"line":5,"column":40}},"1":{"start":{"line":6,"column":16},"end":{"line":6,"column":34}},"2":{"start":{"line":8,"column":28},"end":{"line":8,"column":54}},"3":{"start":{"line":9,"column":24},"end":{"line":9,"column":53}},"4":{"start":{"line":10,"column":16},"end":{"line":10,"column":44}},"5":{"start":{"line":12,"column":25},"end":{"line":12,"column":62}},"6":{"start":{"line":13,"column":28},"end":{"line":13,"column":68}},"7":{"start":{"line":14,"column":28},"end":{"line":14,"column":68}},"8":{"start":{"line":16,"column":15},"end":{"line":16,"column":35}},"9":{"start":{"line":28,"column":0},"end":{"line":41,"column":3}},"10":{"start":{"line":29,"column":2},"end":{"line":40,"column":3}},"11":{"start":{"line":30,"column":22},"end":{"line":30,"column":69}},"12":{"start":{"line":31,"column":4},"end":{"line":34,"column":5}},"13":{"start":{"line":32,"column":19},"end":{"line":32,"column":53}},"14":{"start":{"line":32,"column":45},"end":{"line":32,"column":52}},"15":{"start":{"line":33,"column":6},"end":{"line":33,"column":38}},"16":{"start":{"line":36,"column":20},"end":{"line":36,"column":50}},"17":{"start":{"line":37,"column":4},"end":{"line":37,"column":45}},"18":{"start":{"line":39,"column":4},"end":{"line":39,"column":21}},"19":{"start":{"line":54,"column":0},"end":{"line":72,"column":3}},"20":{"start":{"line":55,"column":12},"end":{"line":55,"column":21}},"21":{"start":{"line":57,"column":2},"end":{"line":57,"column":69}},"22":{"start":{"line":57,"column":36},"end":{"line":57,"column":69}},"23":{"start":{"line":58,"column":2},"end":{"line":58,"column":69}},"24":{"start":{"line":58,"column":36},"end":{"line":58,"column":69}},"25":{"start":{"line":60,"column":2},"end":{"line":71,"column":3}},"26":{"start":{"line":61,"column":22},"end":{"line":61,"column":65}},"27":{"start":{"line":62,"column":4},"end":{"line":65,"column":5}},"28":{"start":{"line":63,"column":19},"end":{"line":63,"column":53}},"29":{"start":{"line":63,"column":45},"end":{"line":63,"column":52}},"30":{"start":{"line":64,"column":6},"end":{"line":64,"column":38}},"31":{"start":{"line":67,"column":22},"end":{"line":67,"column":46}},"32":{"start":{"line":68,"column":4},"end":{"line":68,"column":35}},"33":{"start":{"line":70,"column":4},"end":{"line":70,"column":21}},"34":{"start":{"line":82,"column":0},"end":{"line":89,"column":3}},"35":{"start":{"line":83,"column":2},"end":{"line":88,"column":3}},"36":{"start":{"line":84,"column":20},"end":{"line":84,"column":56}},"37":{"start":{"line":85,"column":4},"end":{"line":85,"column":33}},"38":{"start":{"line":87,"column":4},"end":{"line":87,"column":21}},"39":{"start":{"line":102,"column":0},"end":{"line":115,"column":3}},"40":{"start":{"line":103,"column":2},"end":{"line":114,"column":3}},"41":{"start":{"line":104,"column":22},"end":{"line":104,"column":72}},"42":{"start":{"line":105,"column":4},"end":{"line":108,"column":5}},"43":{"start":{"line":106,"column":19},"end":{"line":106,"column":53}},"44":{"start":{"line":106,"column":45},"end":{"line":106,"column":52}},"45":{"start":{"line":107,"column":6},"end":{"line":107,"column":38}},"46":{"start":{"line":110,"column":20},"end":{"line":110,"column":69}},"47":{"start":{"line":111,"column":4},"end":{"line":111,"column":33}},"48":{"start":{"line":113,"column":4},"end":{"line":113,"column":21}},"49":{"start":{"line":122,"column":0},"end":{"line":129,"column":3}},"50":{"start":{"line":123,"column":2},"end":{"line":128,"column":3}},"51":{"start":{"line":124,"column":4},"end":{"line":124,"column":44}},"52":{"start":{"line":125,"column":4},"end":{"line":125,"column":52}},"53":{"start":{"line":127,"column":4},"end":{"line":127,"column":21}},"54":{"start":{"line":132,"column":0},"end":{"line":132,"column":24}}},"fnMap":{"0":{"name":"(anonymous_0)","decl":{"start":{"line":28,"column":30},"end":{"line":28,"column":31}},"loc":{"start":{"line":28,"column":62},"end":{"line":41,"column":1}},"line":28},"1":{"name":"(anonymous_1)","decl":{"start":{"line":32,"column":40},"end":{"line":32,"column":41}},"loc":{"start":{"line":32,"column":45},"end":{"line":32,"column":52}},"line":32},"2":{"name":"(anonymous_2)","decl":{"start":{"line":54,"column":16},"end":{"line":54,"column":17}},"loc":{"start":{"line":54,"column":48},"end":{"line":72,"column":1}},"line":54},"3":{"name":"(anonymous_3)","decl":{"start":{"line":63,"column":40},"end":{"line":63,"column":41}},"loc":{"start":{"line":63,"column":45},"end":{"line":63,"column":52}},"line":63},"4":{"name":"(anonymous_4)","decl":{"start":{"line":82,"column":23},"end":{"line":82,"column":24}},"loc":{"start":{"line":82,"column":55},"end":{"line":89,"column":1}},"line":82},"5":{"name":"(anonymous_5)","decl":{"start":{"line":102,"column":38},"end":{"line":102,"column":39}},"loc":{"start":{"line":102,"column":70},"end":{"line":115,"column":1}},"line":102},"6":{"name":"(anonymous_6)","decl":{"start":{"line":106,"column":40},"end":{"line":106,"column":41}},"loc":{"start":{"line":106,"column":45},"end":{"line":106,"column":52}},"line":106},"7":{"name":"(anonymous_7)","decl":{"start":{"line":122,"column":39},"end":{"line":122,"column":40}},"loc":{"start":{"line":122,"column":71},"end":{"line":129,"column":1}},"line":122}},"branchMap":{"0":{"loc":{"start":{"line":31,"column":4},"end":{"line":34,"column":5}},"type":"if","locations":[{"start":{"line":31,"column":4},"end":{"line":34,"column":5}},{"start":{},"end":{}}],"line":31},"1":{"loc":{"start":{"line":57,"column":2},"end":{"line":57,"column":69}},"type":"if","locations":[{"start":{"line":57,"column":2},"end":{"line":57,"column":69}},{"start":{},"end":{}}],"line":57},"2":{"loc":{"start":{"line":58,"column":2},"end":{"line":58,"column":69}},"type":"if","locations":[{"start":{"line":58,"column":2},"end":{"line":58,"column":69}},{"start":{},"end":{}}],"line":58},"3":{"loc":{"start":{"line":62,"column":4},"end":{"line":65,"column":5}},"type":"if","locations":[{"start":{"line":62,"column":4},"end":{"line":65,"column":5}},{"start":{},"end":{}}],"line":62},"4":{"loc":{"start":{"line":105,"column":4},"end":{"line":108,"column":5}},"type":"if","locations":[{"start":{"line":105,"column":4},"end":{"line":108,"column":5}},{"start":{},"end":{}}],"line":105}},"s":{"0":5,"1":5,"2":5,"3":5,"4":5,"5":5,"6":5,"7":5,"8":5,"9":5,"10":3,"11":3,"12":3,"13":2,"14":3,"15":2,"16":1,"17":1,"18":2,"19":5,"20":4,"21":4,"22":3,"23":4,"24":1,"25":4,"26":4,"27":4,"28":1,"29":1,"30":1,"31":3,"32":3,"33":1,"34":5,"35":3,"36":3,"37":2,"38":1,"39":5,"40":4,"41":4,"42":4,"43":2,"44":2,"45":2,"46":2,"47":1,"48":3,"49":5,"50":2,"51":2,"52":1,"53":1,"54":5},"f":{"0":3,"1":3,"2":4,"3":1,"4":3,"5":4,"6":2,"7":2},"b":{"0":[2,1],"1":[3,1],"2":[1,3],"3":[1,3],"4":[2,2]},"_coverageSchema":"1a1c01bbd47fc00a2c39e90264f33305004495a9","hash":"55ad20fd995f8e2d716f241abc2a14531d272011"}
,"/home/oscarc/express_jobly/routes/jobs.js": {"path":"/home/oscarc/express_jobly/routes/jobs.js","statementMap":{"0":{"start":{"line":5,"column":19},"end":{"line":5,"column":40}},"1":{"start":{"line":7,"column":16},"end":{"line":7,"column":34}},"2":{"start":{"line":8,"column":28},"end":{"line":8,"column":54}},"3":{"start":{"line":9,"column":24},"end":{"line":9,"column":53}},"4":{"start":{"line":10,"column":12},"end":{"line":10,"column":36}},"5":{"start":{"line":11,"column":21},"end":{"line":11,"column":54}},"6":{"start":{"line":12,"column":24},"end":{"line":12,"column":60}},"7":{"start":{"line":13,"column":24},"end":{"line":13,"column":60}},"8":{"start":{"line":15,"column":15},"end":{"line":15,"column":52}},"9":{"start":{"line":27,"column":0},"end":{"line":40,"column":3}},"10":{"start":{"line":28,"column":2},"end":{"line":39,"column":3}},"11":{"start":{"line":29,"column":22},"end":{"line":29,"column":65}},"12":{"start":{"line":30,"column":4},"end":{"line":33,"column":5}},"13":{"start":{"line":31,"column":19},"end":{"line":31,"column":53}},"14":{"start":{"line":31,"column":45},"end":{"line":31,"column":52}},"15":{"start":{"line":32,"column":6},"end":{"line":32,"column":38}},"16":{"start":{"line":35,"column":16},"end":{"line":35,"column":42}},"17":{"start":{"line":36,"column":4},"end":{"line":36,"column":41}},"18":{"start":{"line":38,"column":4},"end":{"line":38,"column":21}},"19":{"start":{"line":53,"column":0},"end":{"line":71,"column":3}},"20":{"start":{"line":54,"column":12},"end":{"line":54,"column":21}},"21":{"start":{"line":56,"column":2},"end":{"line":56,"column":60}},"22":{"start":{"line":56,"column":33},"end":{"line":56,"column":60}},"23":{"start":{"line":57,"column":2},"end":{"line":57,"column":39}},"24":{"start":{"line":59,"column":2},"end":{"line":70,"column":3}},"25":{"start":{"line":60,"column":22},"end":{"line":60,"column":61}},"26":{"start":{"line":61,"column":4},"end":{"line":64,"column":5}},"27":{"start":{"line":62,"column":19},"end":{"line":62,"column":53}},"28":{"start":{"line":62,"column":45},"end":{"line":62,"column":52}},"29":{"start":{"line":63,"column":6},"end":{"line":63,"column":38}},"30":{"start":{"line":66,"column":17},"end":{"line":66,"column":37}},"31":{"start":{"line":67,"column":4},"end":{"line":67,"column":30}},"32":{"start":{"line":69,"column":4},"end":{"line":69,"column":21}},"33":{"start":{"line":81,"column":0},"end":{"line":88,"column":3}},"34":{"start":{"line":82,"column":2},"end":{"line":87,"column":3}},"35":{"start":{"line":83,"column":16},"end":{"line":83,"column":44}},"36":{"start":{"line":84,"column":4},"end":{"line":84,"column":29}},"37":{"start":{"line":86,"column":4},"end":{"line":86,"column":21}},"38":{"start":{"line":100,"column":0},"end":{"line":113,"column":3}},"39":{"start":{"line":101,"column":2},"end":{"line":112,"column":3}},"40":{"start":{"line":102,"column":22},"end":{"line":102,"column":68}},"41":{"start":{"line":103,"column":4},"end":{"line":106,"column":5}},"42":{"start":{"line":104,"column":19},"end":{"line":104,"column":53}},"43":{"start":{"line":104,"column":45},"end":{"line":104,"column":52}},"44":{"start":{"line":105,"column":6},"end":{"line":105,"column":38}},"45":{"start":{"line":108,"column":16},"end":{"line":108,"column":57}},"46":{"start":{"line":109,"column":4},"end":{"line":109,"column":29}},"47":{"start":{"line":111,"column":4},"end":{"line":111,"column":21}},"48":{"start":{"line":120,"column":0},"end":{"line":127,"column":3}},"49":{"start":{"line":121,"column":2},"end":{"line":126,"column":3}},"50":{"start":{"line":122,"column":4},"end":{"line":122,"column":36}},"51":{"start":{"line":123,"column":4},"end":{"line":123,"column":49}},"52":{"start":{"line":125,"column":4},"end":{"line":125,"column":21}},"53":{"start":{"line":130,"column":0},"end":{"line":130,"column":24}}},"fnMap":{"0":{"name":"(anonymous_0)","decl":{"start":{"line":27,"column":30},"end":{"line":27,"column":31}},"loc":{"start":{"line":27,"column":62},"end":{"line":40,"column":1}},"line":27},"1":{"name":"(anonymous_1)","decl":{"start":{"line":31,"column":40},"end":{"line":31,"column":41}},"loc":{"start":{"line":31,"column":45},"end":{"line":31,"column":52}},"line":31},"2":{"name":"(anonymous_2)","decl":{"start":{"line":53,"column":16},"end":{"line":53,"column":17}},"loc":{"start":{"line":53,"column":48},"end":{"line":71,"column":1}},"line":53},"3":{"name":"(anonymous_3)","decl":{"start":{"line":62,"column":40},"end":{"line":62,"column":41}},"loc":{"start":{"line":62,"column":45},"end":{"line":62,"column":52}},"line":62},"4":{"name":"(anonymous_4)","decl":{"start":{"line":81,"column":19},"end":{"line":81,"column":20}},"loc":{"start":{"line":81,"column":51},"end":{"line":88,"column":1}},"line":81},"5":{"name":"(anonymous_5)","decl":{"start":{"line":100,"column":34},"end":{"line":100,"column":35}},"loc":{"start":{"line":100,"column":66},"end":{"line":113,"column":1}},"line":100},"6":{"name":"(anonymous_6)","decl":{"start":{"line":104,"column":40},"end":{"line":104,"column":41}},"loc":{"start":{"line":104,"column":45},"end":{"line":104,"column":52}},"line":104},"7":{"name":"(anonymous_7)","decl":{"start":{"line":120,"column":35},"end":{"line":120,"column":36}},"loc":{"start":{"line":120,"column":67},"end":{"line":127,"column":1}},"line":120}},"branchMap":{"0":{"loc":{"start":{"line":30,"column":4},"end":{"line":33,"column":5}},"type":"if","locations":[{"start":{"line":30,"column":4},"end":{"line":33,"column":5}},{"start":{},"end":{}}],"line":30},"1":{"loc":{"start":{"line":56,"column":2},"end":{"line":56,"column":60}},"type":"if","locations":[{"start":{"line":56,"column":2},"end":{"line":56,"column":60}},{"start":{},"end":{}}],"line":56},"2":{"loc":{"start":{"line":61,"column":4},"end":{"line":64,"column":5}},"type":"if","locations":[{"start":{"line":61,"column":4},"end":{"line":64,"column":5}},{"start":{},"end":{}}],"line":61},"3":{"loc":{"start":{"line":103,"column":4},"end":{"line":106,"column":5}},"type":"if","locations":[{"start":{"line":103,"column":4},"end":{"line":106,"column":5}},{"start":{},"end":{}}],"line":103}},"s":{"0":5,"1":5,"2":5,"3":5,"4":5,"5":5,"6":5,"7":5,"8":5,"9":5,"10":3,"11":3,"12":3,"13":2,"14":2,"15":2,"16":1,"17":1,"18":2,"19":5,"20":4,"21":4,"22":2,"23":4,"24":4,"25":4,"26":4,"27":1,"28":1,"29":1,"30":3,"31":3,"32":1,"33":5,"34":2,"35":2,"36":1,"37":1,"38":5,"39":4,"40":4,"41":4,"42":3,"43":6,"44":3,"45":1,"46":1,"47":3,"48":5,"49":2,"50":2,"51":1,"52":1,"53":5},"f":{"0":3,"1":2,"2":4,"3":1,"4":2,"5":4,"6":6,"7":2},"b":{"0":[2,1],"1":[2,2],"2":[1,3],"3":[3,1]},"_coverageSchema":"1a1c01bbd47fc00a2c39e90264f33305004495a9","hash":"f82e64fa3fcb85daf00b006a333caf024bd31ef0"}
,"/home/oscarc/express_jobly/routes/users.js": {"path":"/home/oscarc/express_jobly/routes/users.js","statementMap":{"0":{"start":{"line":5,"column":19},"end":{"line":5,"column":40}},"1":{"start":{"line":7,"column":16},"end":{"line":7,"column":34}},"2":{"start":{"line":8,"column":50},"end":{"line":8,"column":79}},"3":{"start":{"line":9,"column":28},"end":{"line":9,"column":54}},"4":{"start":{"line":10,"column":13},"end":{"line":10,"column":38}},"5":{"start":{"line":11,"column":24},"end":{"line":11,"column":52}},"6":{"start":{"line":12,"column":22},"end":{"line":12,"column":56}},"7":{"start":{"line":13,"column":25},"end":{"line":13,"column":62}},"8":{"start":{"line":15,"column":15},"end":{"line":15,"column":31}},"9":{"start":{"line":30,"column":0},"end":{"line":44,"column":3}},"10":{"start":{"line":31,"column":2},"end":{"line":43,"column":3}},"11":{"start":{"line":32,"column":22},"end":{"line":32,"column":66}},"12":{"start":{"line":33,"column":4},"end":{"line":36,"column":5}},"13":{"start":{"line":34,"column":19},"end":{"line":34,"column":53}},"14":{"start":{"line":34,"column":45},"end":{"line":34,"column":52}},"15":{"start":{"line":35,"column":6},"end":{"line":35,"column":38}},"16":{"start":{"line":38,"column":17},"end":{"line":38,"column":46}},"17":{"start":{"line":39,"column":18},"end":{"line":39,"column":35}},"18":{"start":{"line":40,"column":4},"end":{"line":40,"column":49}},"19":{"start":{"line":42,"column":4},"end":{"line":42,"column":21}},"20":{"start":{"line":54,"column":0},"end":{"line":61,"column":3}},"21":{"start":{"line":55,"column":2},"end":{"line":60,"column":3}},"22":{"start":{"line":56,"column":18},"end":{"line":56,"column":38}},"23":{"start":{"line":57,"column":4},"end":{"line":57,"column":31}},"24":{"start":{"line":59,"column":4},"end":{"line":59,"column":21}},"25":{"start":{"line":72,"column":0},"end":{"line":79,"column":3}},"26":{"start":{"line":73,"column":2},"end":{"line":78,"column":3}},"27":{"start":{"line":74,"column":17},"end":{"line":74,"column":52}},"28":{"start":{"line":75,"column":4},"end":{"line":75,"column":30}},"29":{"start":{"line":77,"column":4},"end":{"line":77,"column":21}},"30":{"start":{"line":92,"column":0},"end":{"line":105,"column":3}},"31":{"start":{"line":93,"column":2},"end":{"line":104,"column":3}},"32":{"start":{"line":94,"column":22},"end":{"line":94,"column":69}},"33":{"start":{"line":95,"column":4},"end":{"line":98,"column":5}},"34":{"start":{"line":96,"column":19},"end":{"line":96,"column":53}},"35":{"start":{"line":96,"column":45},"end":{"line":96,"column":52}},"36":{"start":{"line":97,"column":6},"end":{"line":97,"column":38}},"37":{"start":{"line":100,"column":17},"end":{"line":100,"column":65}},"38":{"start":{"line":101,"column":4},"end":{"line":101,"column":30}},"39":{"start":{"line":103,"column":4},"end":{"line":103,"column":21}},"40":{"start":{"line":113,"column":0},"end":{"line":120,"column":3}},"41":{"start":{"line":114,"column":2},"end":{"line":119,"column":3}},"42":{"start":{"line":115,"column":4},"end":{"line":115,"column":43}},"43":{"start":{"line":116,"column":4},"end":{"line":116,"column":54}},"44":{"start":{"line":118,"column":4},"end":{"line":118,"column":21}},"45":{"start":{"line":130,"column":0},"end":{"line":138,"column":3}},"46":{"start":{"line":131,"column":2},"end":{"line":137,"column":3}},"47":{"start":{"line":132,"column":18},"end":{"line":132,"column":32}},"48":{"start":{"line":133,"column":4},"end":{"line":133,"column":54}},"49":{"start":{"line":134,"column":4},"end":{"line":134,"column":40}},"50":{"start":{"line":136,"column":4},"end":{"line":136,"column":21}},"51":{"start":{"line":141,"column":0},"end":{"line":141,"column":24}}},"fnMap":{"0":{"name":"(anonymous_0)","decl":{"start":{"line":30,"column":30},"end":{"line":30,"column":31}},"loc":{"start":{"line":30,"column":62},"end":{"line":44,"column":1}},"line":30},"1":{"name":"(anonymous_1)","decl":{"start":{"line":34,"column":40},"end":{"line":34,"column":41}},"loc":{"start":{"line":34,"column":45},"end":{"line":34,"column":52}},"line":34},"2":{"name":"(anonymous_2)","decl":{"start":{"line":54,"column":29},"end":{"line":54,"column":30}},"loc":{"start":{"line":54,"column":61},"end":{"line":61,"column":1}},"line":54},"3":{"name":"(anonymous_3)","decl":{"start":{"line":72,"column":51},"end":{"line":72,"column":52}},"loc":{"start":{"line":72,"column":83},"end":{"line":79,"column":1}},"line":72},"4":{"name":"(anonymous_4)","decl":{"start":{"line":92,"column":53},"end":{"line":92,"column":54}},"loc":{"start":{"line":92,"column":85},"end":{"line":105,"column":1}},"line":92},"5":{"name":"(anonymous_5)","decl":{"start":{"line":96,"column":40},"end":{"line":96,"column":41}},"loc":{"start":{"line":96,"column":45},"end":{"line":96,"column":52}},"line":96},"6":{"name":"(anonymous_6)","decl":{"start":{"line":113,"column":54},"end":{"line":113,"column":55}},"loc":{"start":{"line":113,"column":86},"end":{"line":120,"column":1}},"line":113},"7":{"name":"(anonymous_7)","decl":{"start":{"line":130,"column":61},"end":{"line":130,"column":62}},"loc":{"start":{"line":130,"column":93},"end":{"line":138,"column":1}},"line":130}},"branchMap":{"0":{"loc":{"start":{"line":33,"column":4},"end":{"line":36,"column":5}},"type":"if","locations":[{"start":{"line":33,"column":4},"end":{"line":36,"column":5}},{"start":{},"end":{}}],"line":33},"1":{"loc":{"start":{"line":95,"column":4},"end":{"line":98,"column":5}},"type":"if","locations":[{"start":{"line":95,"column":4},"end":{"line":98,"column":5}},{"start":{},"end":{}}],"line":95}},"s":{"0":5,"1":5,"2":5,"3":5,"4":5,"5":5,"6":5,"7":5,"8":5,"9":5,"10":0,"11":0,"12":0,"13":0,"14":0,"15":0,"16":0,"17":0,"18":0,"19":0,"20":5,"21":0,"22":0,"23":0,"24":0,"25":5,"26":1,"27":1,"28":1,"29":0,"30":5,"31":3,"32":3,"33":3,"34":1,"35":1,"36":1,"37":2,"38":2,"39":1,"40":5,"41":1,"42":1,"43":1,"44":0,"45":5,"46":0,"47":0,"48":0,"49":0,"50":0,"51":5},"f":{"0":0,"1":0,"2":0,"3":1,"4":3,"5":1,"6":1,"7":0},"b":{"0":[0,0],"1":[1,2]},"_coverageSchema":"1a1c01bbd47fc00a2c39e90264f33305004495a9","hash":"374befb782ecff3d2299c60f6aa014f22dde3602"}
}
