TN:
SF:_testCommon.js
FN:11,commonBeforeAll
FN:77,commonBeforeEach
FN:81,commonAfterEach
FN:85,commonAfterAll
FNF:4
FNH:4
FNDA:4,commonBeforeAll
FNDA:67,commonBeforeEach
FNDA:67,commonAfterEach
FNDA:4,commonAfterAll
DA:3,4
DA:4,4
DA:5,4
DA:6,4
DA:7,4
DA:9,4
DA:13,4
DA:15,4
DA:17,4
DA:25,4
DA:33,4
DA:42,4
DA:44,4
DA:46,4
DA:49,4
DA:57,4
DA:65,4
DA:74,4
DA:78,67
DA:82,67
DA:86,4
DA:90,4
DA:91,4
DA:92,4
DA:95,4
LF:25
LH:25
BRF:0
BRH:0
end_of_record
TN:
SF:auth.js
FN:22,(anonymous_0)
FN:26,(anonymous_1)
FN:49,(anonymous_2)
FN:53,(anonymous_3)
FNF:4
FNH:4
FNDA:5,(anonymous_0)
FNDA:2,(anonymous_1)
FNDA:3,(anonymous_2)
FNDA:5,(anonymous_3)
DA:5,5
DA:7,5
DA:8,5
DA:9,5
DA:10,5
DA:11,5
DA:12,5
DA:13,5
DA:22,5
DA:23,5
DA:24,5
DA:25,5
DA:26,2
DA:27,2
DA:30,3
DA:31,3
DA:32,1
DA:33,1
DA:35,4
DA:49,5
DA:50,3
DA:51,3
DA:52,3
DA:53,5
DA:54,2
DA:57,1
DA:58,1
DA:59,1
DA:61,2
DA:66,5
LF:30
LH:30
BRDA:25,0,0,2
BRDA:25,0,1,3
BRDA:52,1,0,2
BRDA:52,1,1,1
BRF:4
BRH:4
end_of_record
TN:
SF:companies.js
FN:28,(anonymous_0)
FN:32,(anonymous_1)
FN:54,(anonymous_2)
FN:63,(anonymous_3)
FN:82,(anonymous_4)
FN:102,(anonymous_5)
FN:106,(anonymous_6)
FN:122,(anonymous_7)
FNF:8
FNH:8
FNDA:3,(anonymous_0)
FNDA:3,(anonymous_1)
FNDA:4,(anonymous_2)
FNDA:1,(anonymous_3)
FNDA:3,(anonymous_4)
FNDA:4,(anonymous_5)
FNDA:2,(anonymous_6)
FNDA:2,(anonymous_7)
DA:5,5
DA:6,5
DA:8,5
DA:9,5
DA:10,5
DA:12,5
DA:13,5
DA:14,5
DA:16,5
DA:28,5
DA:29,3
DA:30,3
DA:31,3
DA:32,3
DA:33,2
DA:36,1
DA:37,1
DA:39,2
DA:54,5
DA:55,4
DA:57,4
DA:58,4
DA:60,4
DA:61,4
DA:62,4
DA:63,1
DA:64,1
DA:67,3
DA:68,3
DA:70,1
DA:82,5
DA:83,3
DA:84,3
DA:85,2
DA:87,1
DA:102,5
DA:103,4
DA:104,4
DA:105,4
DA:106,2
DA:107,2
DA:110,2
DA:111,1
DA:113,3
DA:122,5
DA:123,2
DA:124,2
DA:125,1
DA:127,1
DA:132,5
LF:50
LH:50
BRDA:31,0,0,2
BRDA:31,0,1,1
BRDA:57,1,0,3
BRDA:57,1,1,1
BRDA:58,2,0,1
BRDA:58,2,1,3
BRDA:62,3,0,1
BRDA:62,3,1,3
BRDA:105,4,0,2
BRDA:105,4,1,2
BRF:10
BRH:10
end_of_record
TN:
SF:jobs.js
FN:27,(anonymous_0)
FN:31,(anonymous_1)
FN:53,(anonymous_2)
FN:62,(anonymous_3)
FN:81,(anonymous_4)
FN:100,(anonymous_5)
FN:104,(anonymous_6)
FN:120,(anonymous_7)
FNF:8
FNH:8
FNDA:3,(anonymous_0)
FNDA:2,(anonymous_1)
FNDA:4,(anonymous_2)
FNDA:1,(anonymous_3)
FNDA:2,(anonymous_4)
FNDA:4,(anonymous_5)
FNDA:6,(anonymous_6)
FNDA:2,(anonymous_7)
DA:5,5
DA:7,5
DA:8,5
DA:9,5
DA:10,5
DA:11,5
DA:12,5
DA:13,5
DA:15,5
DA:27,5
DA:28,3
DA:29,3
DA:30,3
DA:31,2
DA:32,2
DA:35,1
DA:36,1
DA:38,2
DA:53,5
DA:54,4
DA:56,4
DA:57,4
DA:59,4
DA:60,4
DA:61,4
DA:62,1
DA:63,1
DA:66,3
DA:67,3
DA:69,1
DA:81,5
DA:82,2
DA:83,2
DA:84,1
DA:86,1
DA:100,5
DA:101,4
DA:102,4
DA:103,4
DA:104,6
DA:105,3
DA:108,1
DA:109,1
DA:111,3
DA:120,5
DA:121,2
DA:122,2
DA:123,1
DA:125,1
DA:130,5
LF:50
LH:50
BRDA:30,0,0,2
BRDA:30,0,1,1
BRDA:56,1,0,2
BRDA:56,1,1,2
BRDA:61,2,0,1
BRDA:61,2,1,3
BRDA:103,3,0,3
BRDA:103,3,1,1
BRF:8
BRH:8
end_of_record
TN:
SF:users.js
FN:30,(anonymous_0)
FN:34,(anonymous_1)
FN:54,(anonymous_2)
FN:72,(anonymous_3)
FN:92,(anonymous_4)
FN:96,(anonymous_5)
FN:113,(anonymous_6)
FN:130,(anonymous_7)
FNF:8
FNH:4
FNDA:0,(anonymous_0)
FNDA:0,(anonymous_1)
FNDA:0,(anonymous_2)
FNDA:1,(anonymous_3)
FNDA:3,(anonymous_4)
FNDA:1,(anonymous_5)
FNDA:1,(anonymous_6)
FNDA:0,(anonymous_7)
DA:5,5
DA:7,5
DA:8,5
DA:9,5
DA:10,5
DA:11,5
DA:12,5
DA:13,5
DA:15,5
DA:30,5
DA:31,0
DA:32,0
DA:33,0
DA:34,0
DA:35,0
DA:38,0
DA:39,0
DA:40,0
DA:42,0
DA:54,5
DA:55,0
DA:56,0
DA:57,0
DA:59,0
DA:72,5
DA:73,1
DA:74,1
DA:75,1
DA:77,0
DA:92,5
DA:93,3
DA:94,3
DA:95,3
DA:96,1
DA:97,1
DA:100,2
DA:101,2
DA:103,1
DA:113,5
DA:114,1
DA:115,1
DA:116,1
DA:118,0
DA:130,5
DA:131,0
DA:132,0
DA:133,0
DA:134,0
DA:136,0
DA:141,5
LF:50
LH:30
BRDA:33,0,0,0
BRDA:33,0,1,0
BRDA:95,1,0,1
BRDA:95,1,1,2
BRF:4
BRH:2
end_of_record
