TN:
SF:config.js
FN:13,getDatabaseUri
FNF:1
FNH:1
FNDA:11,getDatabaseUri
DA:5,6
DA:6,6
DA:8,6
DA:10,6
DA:14,11
DA:22,6
DA:24,6
DA:25,6
DA:26,6
DA:27,6
DA:28,6
DA:29,6
DA:31,6
LF:13
LH:13
BRDA:8,0,0,6
BRDA:8,0,1,5
BRDA:10,1,0,6
BRDA:10,1,1,5
BRDA:14,2,0,8
BRDA:14,2,1,3
BRDA:16,3,0,3
BRDA:16,3,1,1
BRDA:22,4,0,5
BRDA:22,4,1,1
BRF:10
BRH:10
end_of_record
TN:
SF:db.js
FNF:0
FNH:0
DA:3,3
DA:4,3
DA:8,3
DA:9,0
DA:16,3
DA:21,3
DA:23,3
LF:7
LH:6
BRDA:8,0,0,0
BRDA:8,0,1,3
BRF:2
BRH:1
end_of_record
TN:
SF:expressError.js
FN:8,(anonymous_0)
FN:18,(anonymous_1)
FN:26,(anonymous_2)
FN:34,(anonymous_3)
FN:42,(anonymous_4)
FNF:5
FNH:4
FNDA:22,(anonymous_0)
FNDA:12,(anonymous_1)
FNDA:4,(anonymous_2)
FNDA:6,(anonymous_3)
FNDA:0,(anonymous_4)
DA:9,22
DA:10,22
DA:11,22
DA:19,12
DA:27,4
DA:35,6
DA:43,0
DA:47,4
LF:8
LH:7
BRDA:18,0,0,0
BRDA:26,1,0,1
BRDA:34,2,0,0
BRDA:42,3,0,0
BRF:4
BRH:1
end_of_record
TN:
SF:helpers/sql.js
FN:22,sqlForPartialUpdate
FN:27,(anonymous_1)
FNF:2
FNH:2
FNDA:11,sqlForPartialUpdate
FNDA:22,(anonymous_1)
DA:1,3
DA:23,11
DA:24,11
DA:27,8
DA:28,22
DA:31,8
DA:37,3
LF:7
LH:7
BRDA:24,0,0,3
BRDA:24,0,1,8
BRDA:28,1,0,22
BRDA:28,1,1,12
BRF:4
BRH:4
end_of_record
TN:
SF:helpers/tokens.js
FN:6,createToken
FNF:1
FNH:1
FNDA:3,createToken
DA:1,1
DA:2,1
DA:7,3
DA:10,3
DA:15,3
DA:18,1
LF:6
LH:6
BRDA:12,0,0,3
BRDA:12,0,1,2
BRF:2
BRH:2
end_of_record
TN:
SF:middleware/auth.js
FN:18,authenticateJWT
FN:36,ensureLoggedIn
FNF:2
FNH:2
FNDA:3,authenticateJWT
FNDA:2,ensureLoggedIn
DA:5,1
DA:6,1
DA:7,1
DA:19,3
DA:20,3
DA:21,3
DA:22,2
DA:23,2
DA:25,2
DA:27,1
DA:37,2
DA:38,2
DA:39,1
DA:41,1
DA:46,1
LF:15
LH:15
BRDA:20,0,0,3
BRDA:20,0,1,2
BRDA:21,1,0,2
BRDA:21,1,1,1
BRDA:38,2,0,1
BRDA:38,2,1,1
BRF:6
BRH:6
end_of_record
TN:
SF:models/_testCommon.js
FN:8,commonBeforeAll
FN:27,(anonymous_1)
FN:49,commonBeforeEach
FN:53,commonAfterEach
FN:57,commonAfterAll
FNF:5
FNH:5
FNDA:3,commonBeforeAll
FNDA:12,(anonymous_1)
FNDA:48,commonBeforeEach
FNDA:48,commonAfterEach
FNDA:3,commonAfterAll
DA:1,3
DA:3,3
DA:4,3
DA:6,3
DA:10,3
DA:12,3
DA:14,3
DA:20,3
DA:27,12
DA:29,3
DA:43,3
DA:50,48
DA:54,48
DA:58,3
DA:62,3
LF:15
LH:15
BRF:0
BRH:0
end_of_record
TN:
SF:models/company.js
FN:19,(anonymous_0)
FN:57,(anonymous_1)
FN:110,(anonymous_2)
FN:150,(anonymous_3)
FN:180,(anonymous_4)
FNF:5
FNH:5
FNDA:3,(anonymous_0)
FNDA:7,(anonymous_1)
FNDA:2,(anonymous_2)
FNDA:4,(anonymous_3)
FNDA:2,(anonymous_4)
DA:3,1
DA:4,1
DA:5,1
DA:20,3
DA:26,3
DA:27,1
DA:29,2
DA:42,2
DA:44,2
DA:58,7
DA:64,7
DA:65,7
DA:67,7
DA:69,7
DA:70,1
DA:76,6
DA:77,2
DA:78,2
DA:81,6
DA:82,2
DA:83,2
DA:86,6
DA:87,2
DA:88,2
DA:91,6
DA:92,5
DA:97,6
DA:98,6
DA:99,6
DA:111,2
DA:121,2
DA:123,2
DA:125,1
DA:133,1
DA:135,1
DA:151,4
DA:157,3
DA:159,3
DA:167,3
DA:168,3
DA:170,3
DA:172,2
DA:181,2
DA:187,2
DA:189,2
DA:194,1
LF:46
LH:46
BRDA:26,0,0,1
BRDA:26,0,1,2
BRDA:57,1,0,1
BRDA:69,2,0,1
BRDA:69,2,1,6
BRDA:76,3,0,2
BRDA:76,3,1,4
BRDA:81,4,0,2
BRDA:81,4,1,4
BRDA:86,5,0,2
BRDA:86,5,1,4
BRDA:91,6,0,5
BRDA:91,6,1,1
BRDA:123,7,0,1
BRDA:123,7,1,1
BRDA:170,8,0,1
BRDA:170,8,1,2
BRDA:189,9,0,1
BRDA:189,9,1,1
BRF:19
BRH:19
end_of_record
TN:
SF:models/job.js
FN:18,(anonymous_0)
FN:47,(anonymous_1)
FN:95,(anonymous_2)
FN:136,(anonymous_3)
FN:163,(anonymous_4)
FNF:5
FNH:5
FNDA:1,(anonymous_0)
FNDA:5,(anonymous_1)
FNDA:2,(anonymous_2)
FNDA:3,(anonymous_3)
FNDA:2,(anonymous_4)
DA:3,1
DA:4,1
DA:5,1
DA:19,1
DA:32,1
DA:34,1
DA:48,5
DA:56,5
DA:57,5
DA:62,5
DA:63,2
DA:64,2
DA:67,5
DA:68,2
DA:71,5
DA:72,1
DA:73,1
DA:76,5
DA:77,4
DA:82,5
DA:83,5
DA:84,5
DA:96,2
DA:105,2
DA:107,2
DA:109,1
DA:118,1
DA:119,1
DA:121,1
DA:137,3
DA:140,2
DA:142,2
DA:150,2
DA:151,2
DA:153,2
DA:155,1
DA:164,2
DA:169,2
DA:171,2
DA:175,1
LF:40
LH:40
BRDA:47,0,0,1
BRDA:62,1,0,2
BRDA:62,1,1,3
BRDA:67,2,0,2
BRDA:67,2,1,3
BRDA:71,3,0,1
BRDA:71,3,1,4
BRDA:76,4,0,4
BRDA:76,4,1,1
BRDA:107,5,0,1
BRDA:107,5,1,1
BRDA:153,6,0,1
BRDA:153,6,1,1
BRDA:171,7,0,1
BRDA:171,7,1,1
BRF:15
BRH:15
end_of_record
TN:
SF:models/user.js
FN:24,(anonymous_0)
FN:59,(anonymous_1)
FN:104,(anonymous_2)
FN:126,(anonymous_3)
FN:147,(anonymous_4)
FN:168,(anonymous_5)
FN:201,(anonymous_6)
FN:220,(anonymous_7)
FNF:8
FNH:8
FNDA:3,(anonymous_0)
FNDA:4,(anonymous_1)
FNDA:1,(anonymous_2)
FNDA:2,(anonymous_3)
FNDA:1,(anonymous_4)
FNDA:4,(anonymous_5)
FNDA:2,(anonymous_6)
FNDA:3,(anonymous_7)
DA:3,1
DA:4,1
DA:5,1
DA:10,1
DA:12,1
DA:26,3
DA:38,3
DA:40,3
DA:42,0
DA:43,0
DA:44,0
DA:45,0
DA:49,3
DA:61,4
DA:68,4
DA:69,1
DA:72,3
DA:74,3
DA:94,3
DA:96,3
DA:105,1
DA:115,1
DA:127,2
DA:138,2
DA:140,2
DA:142,1
DA:147,1
DA:148,1
DA:169,4
DA:170,1
DA:173,4
DA:180,3
DA:182,3
DA:190,3
DA:191,3
DA:193,3
DA:195,2
DA:196,2
DA:202,2
DA:209,2
DA:211,2
DA:221,3
DA:225,3
DA:227,3
DA:229,0
DA:233,0
DA:235,0
DA:237,0
DA:245,1
LF:49
LH:41
BRDA:40,0,0,0
BRDA:40,0,1,3
BRDA:43,1,0,0
BRDA:43,1,1,0
BRDA:68,2,0,1
BRDA:68,2,1,3
BRDA:140,3,0,1
BRDA:140,3,1,1
BRDA:169,4,0,1
BRDA:169,4,1,3
BRDA:193,5,0,1
BRDA:193,5,1,2
BRDA:211,6,0,1
BRDA:211,6,1,1
BRDA:227,7,0,3
BRDA:227,7,1,0
BRDA:235,8,0,0
BRDA:235,8,1,0
BRF:18
BRH:12
end_of_record
